{"meta": {"format": 3, "version": "7.13.2", "timestamp": "2026-01-27T17:54:08.727864", "branch_coverage": false, "show_contexts": false}, "files": {"app/api/routes_catalog.py": {"executed_lines": [6, 7, 8, 9, 11, 14, 15, 16, 19, 20, 45, 47, 48, 50, 51, 55, 58, 70, 71, 97, 118, 119, 137, 138, 140, 151, 152, 153, 173, 178, 179, 187, 188, 210, 211, 212, 214, 225, 226, 227, 261, 266, 267], "summary": {"covered_lines": 43, "num_statements": 67, "percent_covered": 64.17910447761194, "percent_covered_display": "64", "missing_lines": 24, "excluded_lines": 0, "percent_statements_covered": 64.17910447761194, "percent_statements_covered_display": "64"}, "missing_lines": [52, 72, 88, 89, 95, 105, 107, 111, 112, 158, 160, 174, 180, 181, 233, 239, 242, 243, 244, 250, 252, 262, 268, 269], "excluded_lines": [], "functions": {"discover_tables": {"executed_lines": [45, 47, 48, 50, 51, 55, 58, 70, 71, 97], "summary": {"covered_lines": 10, "num_statements": 19, "percent_covered": 52.63157894736842, "percent_covered_display": "53", "missing_lines": 9, "excluded_lines": 0, "percent_statements_covered": 52.63157894736842, "percent_statements_covered_display": "53"}, "missing_lines": [52, 72, 88, 89, 95, 105, 107, 111, 112], "excluded_lines": [], "start_line": 20}, "get_table_schema": {"executed_lines": [137, 138, 140, 151, 152, 153, 173, 178, 179], "summary": {"covered_lines": 9, "num_statements": 14, "percent_covered": 64.28571428571429, "percent_covered_display": "64", "missing_lines": 5, "excluded_lines": 0, "percent_statements_covered": 64.28571428571429, "percent_statements_covered_display": "64"}, "missing_lines": [158, 160, 174, 180, 181], "excluded_lines": [], "start_line": 119}, "validate_table_schema": {"executed_lines": [210, 211, 212, 214, 225, 226, 227, 261, 266, 267], "summary": {"covered_lines": 10, "num_statements": 20, "percent_covered": 50.0, "percent_covered_display": "50", "missing_lines": 10, "excluded_lines": 0, "percent_statements_covered": 50.0, "percent_statements_covered_display": "50"}, "missing_lines": [233, 239, 242, 243, 244, 250, 252, 262, 268, 269], "excluded_lines": [], "start_line": 188}, "": {"executed_lines": [6, 7, 8, 9, 11, 14, 15, 16, 19, 20, 118, 119, 187, 188], "summary": {"covered_lines": 14, "num_statements": 14, "percent_covered": 100.0, "percent_covered_display": "100", "missing_lines": 0, "excluded_lines": 0, "percent_statements_covered": 100.0, "percent_statements_covered_display": "100"}, "missing_lines": [], "excluded_lines": [], "start_line": 1}}, "classes": {"SchemaValidationRequest": {"executed_lines": [], "summary": {"covered_lines": 0, "num_statements": 0, "percent_covered": 100.0, "percent_covered_display": "100", "missing_lines": 0, "excluded_lines": 0, "percent_statements_covered": 100.0, "percent_statements_covered_display": "100"}, "missing_lines": [], "excluded_lines": [], "start_line": 14}, "": {"executed_lines": [6, 7, 8, 9, 11, 14, 15, 16, 19, 20, 45, 47, 48, 50, 51, 55, 58, 70, 71, 97, 118, 119, 137, 138, 140, 151, 152, 153, 173, 178, 179, 187, 188, 210, 211, 212, 214, 225, 226, 227, 261, 266, 267], "summary": {"covered_lines": 43, "num_statements": 67, "percent_covered": 64.17910447761194, "percent_covered_display": "64", "missing_lines": 24, "excluded_lines": 0, "percent_statements_covered": 64.17910447761194, "percent_statements_covered_display": "64"}, "missing_lines": [52, 72, 88, 89, 95, 105, 107, 111, 112, 158, 160, 174, 180, 181, 233, 239, 242, 243, 244, 250, 252, 262, 268, 269], "excluded_lines": [], "start_line": 1}}}, "app/api/routes_config.py": {"executed_lines": [2, 3, 4, 5, 6, 8, 10, 17, 18, 50, 51, 86, 87, 116, 117], "summary": {"covered_lines": 15, "num_statements": 69, "percent_covered": 21.73913043478261, "percent_covered_display": "22", "missing_lines": 54, "excluded_lines": 0, "percent_statements_covered": 21.73913043478261, "percent_statements_covered_display": "22"}, "missing_lines": [12, 13, 14, 20, 21, 22, 23, 28, 30, 31, 32, 40, 41, 43, 44, 45, 46, 47, 53, 54, 57, 67, 70, 77, 79, 80, 81, 82, 83, 89, 90, 91, 96, 98, 99, 101, 102, 110, 111, 112, 113, 119, 120, 123, 124, 126, 127, 130, 131, 133, 134, 135, 136, 137], "excluded_lines": [], "functions": {"_get_configs_table": {"executed_lines": [], "summary": {"covered_lines": 0, "num_statements": 3, "percent_covered": 0.0, "percent_covered_display": "0", "missing_lines": 3, "excluded_lines": 0, "percent_statements_covered": 0.0, "percent_statements_covered_display": "0"}, "missing_lines": [12, 13, 14], "excluded_lines": [], "start_line": 10}, "list_configs": {"executed_lines": [], "summary": {"covered_lines": 0, "num_statements": 15, "percent_covered": 0.0, "percent_covered_display": "0", "missing_lines": 15, "excluded_lines": 0, "percent_statements_covered": 0.0, "percent_statements_covered_display": "0"}, "missing_lines": [20, 21, 22, 23, 28, 30, 31, 32, 40, 41, 43, 44, 45, 46, 47], "excluded_lines": [], "start_line": 18}, "create_config": {"executed_lines": [], "summary": {"covered_lines": 0, "num_statements": 11, "percent_covered": 0.0, "percent_covered_display": "0", "missing_lines": 11, "excluded_lines": 0, "percent_statements_covered": 0.0, "percent_statements_covered_display": "0"}, "missing_lines": [53, 54, 57, 67, 70, 77, 79, 80, 81, 82, 83], "excluded_lines": [], "start_line": 51}, "get_config": {"executed_lines": [], "summary": {"covered_lines": 0, "num_statements": 12, "percent_covered": 0.0, "percent_covered_display": "0", "missing_lines": 12, "excluded_lines": 0, "percent_statements_covered": 0.0, "percent_statements_covered_display": "0"}, "missing_lines": [89, 90, 91, 96, 98, 99, 101, 102, 110, 111, 112, 113], "excluded_lines": [], "start_line": 87}, "delete_config": {"executed_lines": [], "summary": {"covered_lines": 0, "num_statements": 13, "percent_covered": 0.0, "percent_covered_display": "0", "missing_lines": 13, "excluded_lines": 0, "percent_statements_covered": 0.0, "percent_statements_covered_display": "0"}, "missing_lines": [119, 120, 123, 124, 126, 127, 130, 131, 133, 134, 135, 136, 137], "excluded_lines": [], "start_line": 117}, "": {"executed_lines": [2, 3, 4, 5, 6, 8, 10, 17, 18, 50, 51, 86, 87, 116, 117], "summary": {"covered_lines": 15, "num_statements": 15, "percent_covered": 100.0, "percent_covered_display": "100", "missing_lines": 0, "excluded_lines": 0, "percent_statements_covered": 100.0, "percent_statements_covered_display": "100"}, "missing_lines": [], "excluded_lines": [], "start_line": 1}}, "classes": {"": {"executed_lines": [2, 3, 4, 5, 6, 8, 10, 17, 18, 50, 51, 86, 87, 116, 117], "summary": {"covered_lines": 15, "num_statements": 69, "percent_covered": 21.73913043478261, "percent_covered_display": "22", "missing_lines": 54, "excluded_lines": 0, "percent_statements_covered": 21.73913043478261, "percent_statements_covered_display": "22"}, "missing_lines": [12, 13, 14, 20, 21, 22, 23, 28, 30, 31, 32, 40, 41, 43, 44, 45, 46, 47, 53, 54, 57, 67, 70, 77, 79, 80, 81, 82, 83, 89, 90, 91, 96, 98, 99, 101, 102, 110, 111, 112, 113, 119, 120, 123, 124, 126, 127, 130, 131, 133, 134, 135, 136, 137], "excluded_lines": [], "start_line": 1}}}, "app/api/routes_excel.py": {"executed_lines": [2, 3, 4, 5, 6, 7, 8, 9, 10, 11, 13, 16, 17, 18, 19, 20, 21, 22, 23, 26, 28, 29, 30, 33, 48, 59, 60, 75, 77, 78, 83, 85, 86, 142, 143, 148, 149, 170, 172, 173, 178, 180, 181, 239, 240, 245, 246, 256, 258, 259, 264, 266, 267, 372, 373], "summary": {"covered_lines": 55, "num_statements": 168, "percent_covered": 32.73809523809524, "percent_covered_display": "33", "missing_lines": 113, "excluded_lines": 0, "percent_statements_covered": 32.73809523809524, "percent_statements_covered_display": "33"}, "missing_lines": [35, 36, 37, 38, 39, 40, 41, 42, 43, 45, 50, 52, 54, 56, 88, 92, 98, 100, 101, 104, 107, 109, 110, 113, 114, 117, 120, 121, 122, 123, 124, 125, 126, 127, 129, 130, 132, 144, 145, 183, 186, 192, 194, 195, 197, 200, 201, 202, 205, 213, 214, 215, 216, 219, 220, 221, 222, 224, 226, 233, 241, 242, 269, 270, 271, 274, 280, 282, 283, 285, 288, 289, 290, 293, 301, 303, 304, 305, 309, 312, 314, 315, 316, 317, 319, 322, 325, 326, 331, 335, 336, 338, 339, 340, 341, 343, 344, 345, 347, 348, 349, 350, 352, 354, 355, 357, 358, 359, 360, 361, 364, 374, 375], "excluded_lines": [], "functions": {"_get_lakeflow_jobs_table": {"executed_lines": [28, 29, 30], "summary": {"covered_lines": 3, "num_statements": 3, "percent_covered": 100.0, "percent_covered_display": "100", "missing_lines": 0, "excluded_lines": 0, "percent_statements_covered": 100.0, "percent_statements_covered_display": "100"}, "missing_lines": [], "excluded_lines": [], "start_line": 26}, "_pandas_to_spark_type": {"executed_lines": [], "summary": {"covered_lines": 0, "num_statements": 10, "percent_covered": 0.0, "percent_covered_display": "0", "missing_lines": 10, "excluded_lines": 0, "percent_statements_covered": 0.0, "percent_statements_covered_display": "0"}, "missing_lines": [35, 36, 37, 38, 39, 40, 41, 42, 43, 45], "excluded_lines": [], "start_line": 33}, "_generate_table_name": {"executed_lines": [], "summary": {"covered_lines": 0, "num_statements": 4, "percent_covered": 0.0, "percent_covered_display": "0", "missing_lines": 4, "excluded_lines": 0, "percent_statements_covered": 0.0, "percent_statements_covered_display": "0"}, "missing_lines": [50, 52, 54, 56], "excluded_lines": [], "start_line": 48}, "preview_excel_file": {"executed_lines": [75, 77, 78, 83, 85, 86, 142, 143], "summary": {"covered_lines": 8, "num_statements": 33, "percent_covered": 24.242424242424242, "percent_covered_display": "24", "missing_lines": 25, "excluded_lines": 0, "percent_statements_covered": 24.242424242424242, "percent_statements_covered_display": "24"}, "missing_lines": [88, 92, 98, 100, 101, 104, 107, 109, 110, 113, 114, 117, 120, 121, 122, 123, 124, 125, 126, 127, 129, 130, 132, 144, 145], "excluded_lines": [], "start_line": 60}, "analyze_columns_with_header": {"executed_lines": [170, 172, 173, 178, 180, 181, 239, 240], "summary": {"covered_lines": 8, "num_statements": 31, "percent_covered": 25.806451612903224, "percent_covered_display": "26", "missing_lines": 23, "excluded_lines": 0, "percent_statements_covered": 25.806451612903224, "percent_statements_covered_display": "26"}, "missing_lines": [183, 186, 192, 194, 195, 197, 200, 201, 202, 205, 213, 214, 215, 216, 219, 220, 221, 222, 224, 226, 233, 241, 242], "excluded_lines": [], "start_line": 149}, "parse_excel_to_delta": {"executed_lines": [256, 258, 259, 264, 266, 267, 372, 373], "summary": {"covered_lines": 8, "num_statements": 59, "percent_covered": 13.559322033898304, "percent_covered_display": "14", "missing_lines": 51, "excluded_lines": 0, "percent_statements_covered": 13.559322033898304, "percent_statements_covered_display": "14"}, "missing_lines": [269, 270, 271, 274, 280, 282, 283, 285, 288, 289, 290, 293, 301, 303, 304, 305, 309, 312, 314, 315, 316, 317, 319, 322, 325, 326, 331, 335, 336, 338, 339, 340, 341, 343, 344, 345, 347, 348, 349, 350, 352, 354, 355, 357, 358, 359, 360, 361, 364, 374, 375], "excluded_lines": [], "start_line": 246}, "": {"executed_lines": [2, 3, 4, 5, 6, 7, 8, 9, 10, 11, 13, 16, 17, 18, 19, 20, 21, 22, 23, 26, 33, 48, 59, 60, 148, 149, 245, 246], "summary": {"covered_lines": 28, "num_statements": 28, "percent_covered": 100.0, "percent_covered_display": "100", "missing_lines": 0, "excluded_lines": 0, "percent_statements_covered": 100.0, "percent_statements_covered_display": "100"}, "missing_lines": [], "excluded_lines": [], "start_line": 1}}, "classes": {"ParseExcelRequest": {"executed_lines": [], "summary": {"covered_lines": 0, "num_statements": 0, "percent_covered": 100.0, "percent_covered_display": "100", "missing_lines": 0, "excluded_lines": 0, "percent_statements_covered": 100.0, "percent_statements_covered_display": "100"}, "missing_lines": [], "excluded_lines": [], "start_line": 16}, "": {"executed_lines": [2, 3, 4, 5, 6, 7, 8, 9, 10, 11, 13, 16, 17, 18, 19, 20, 21, 22, 23, 26, 28, 29, 30, 33, 48, 59, 60, 75, 77, 78, 83, 85, 86, 142, 143, 148, 149, 170, 172, 173, 178, 180, 181, 239, 240, 245, 246, 256, 258, 259, 264, 266, 267, 372, 373], "summary": {"covered_lines": 55, "num_statements": 168, "percent_covered": 32.73809523809524, "percent_covered_display": "33", "missing_lines": 113, "excluded_lines": 0, "percent_statements_covered": 32.73809523809524, "percent_statements_covered_display": "33"}, "missing_lines": [35, 36, 37, 38, 39, 40, 41, 42, 43, 45, 50, 52, 54, 56, 88, 92, 98, 100, 101, 104, 107, 109, 110, 113, 114, 117, 120, 121, 122, 123, 124, 125, 126, 127, 129, 130, 132, 144, 145, 183, 186, 192, 194, 195, 197, 200, 201, 202, 205, 213, 214, 215, 216, 219, 220, 221, 222, 224, 226, 233, 241, 242, 269, 270, 271, 274, 280, 282, 283, 285, 288, 289, 290, 293, 301, 303, 304, 305, 309, 312, 314, 315, 316, 317, 319, 322, 325, 326, 331, 335, 336, 338, 339, 340, 341, 343, 344, 345, 347, 348, 349, 350, 352, 354, 355, 357, 358, 359, 360, 361, 364, 374, 375], "excluded_lines": [], "start_line": 1}}}, "app/api/routes_lakeflow.py": {"executed_lines": [1, 2, 3, 4, 5, 6, 7, 8, 9, 10, 11, 12, 13, 14, 16, 19, 21, 22, 23, 26, 27, 29, 30, 31, 44, 46, 47, 48, 62, 67, 68, 71, 72, 266, 267, 269, 270, 271, 276, 278, 279, 319, 320, 325, 326, 328, 329, 330, 335, 337, 338, 389, 390, 395, 396, 398, 399, 402, 407, 409, 440, 441, 442, 451, 453, 454, 455, 456, 459, 460, 470, 471, 474, 479, 481, 482, 554, 555, 560, 561, 566, 567, 570, 575, 577, 578, 609, 610, 615, 616, 618, 619, 622, 627, 629], "summary": {"covered_lines": 95, "num_statements": 231, "percent_covered": 41.125541125541126, "percent_covered_display": "41", "missing_lines": 136, "excluded_lines": 0, "percent_statements_covered": 41.125541125541126, "percent_statements_covered_display": "41"}, "missing_lines": [63, 64, 77, 78, 79, 80, 83, 84, 85, 86, 89, 105, 108, 109, 110, 111, 114, 117, 123, 126, 141, 151, 152, 153, 157, 160, 161, 162, 163, 175, 182, 183, 187, 212, 215, 236, 239, 243, 244, 245, 246, 247, 248, 250, 259, 260, 261, 262, 263, 281, 282, 283, 285, 291, 294, 299, 301, 302, 304, 305, 309, 311, 313, 321, 322, 340, 341, 342, 346, 347, 361, 362, 363, 365, 372, 373, 374, 383, 391, 392, 410, 411, 413, 419, 420, 421, 422, 423, 426, 427, 428, 429, 430, 433, 434, 435, 436, 437, 443, 444, 484, 485, 486, 487, 489, 490, 496, 499, 508, 513, 516, 517, 518, 519, 520, 523, 532, 533, 536, 543, 545, 556, 557, 580, 581, 583, 584, 589, 590, 596, 601, 603, 611, 612, 634, 635], "excluded_lines": [], "functions": {"_get_lakeflow_jobs_table": {"executed_lines": [21, 22, 23], "summary": {"covered_lines": 3, "num_statements": 3, "percent_covered": 100.0, "percent_covered_display": "100", "missing_lines": 0, "excluded_lines": 0, "percent_statements_covered": 100.0, "percent_statements_covered_display": "100"}, "missing_lines": [], "excluded_lines": [], "start_line": 19}, "list_lakeflow_jobs": {"executed_lines": [29, 30, 31, 44, 46, 47, 48, 62], "summary": {"covered_lines": 8, "num_statements": 10, "percent_covered": 80.0, "percent_covered_display": "80", "missing_lines": 2, "excluded_lines": 0, "percent_statements_covered": 80.0, "percent_statements_covered_display": "80"}, "missing_lines": [63, 64], "excluded_lines": [], "start_line": 27}, "create_lakeflow_job": {"executed_lines": [71, 72], "summary": {"covered_lines": 2, "num_statements": 49, "percent_covered": 4.081632653061225, "percent_covered_display": "4", "missing_lines": 47, "excluded_lines": 0, "percent_statements_covered": 4.081632653061225, "percent_statements_covered_display": "4"}, "missing_lines": [77, 78, 79, 80, 83, 84, 85, 86, 89, 105, 108, 109, 110, 111, 114, 117, 123, 126, 141, 151, 152, 153, 157, 160, 161, 162, 163, 175, 182, 183, 187, 212, 215, 236, 239, 243, 244, 245, 246, 247, 248, 250, 259, 260, 261, 262, 263], "excluded_lines": [], "start_line": 68}, "get_lakeflow_job_status": {"executed_lines": [269, 270, 271, 276, 278, 279, 319, 320], "summary": {"covered_lines": 8, "num_statements": 24, "percent_covered": 33.333333333333336, "percent_covered_display": "33", "missing_lines": 16, "excluded_lines": 0, "percent_statements_covered": 33.333333333333336, "percent_statements_covered_display": "33"}, "missing_lines": [281, 282, 283, 285, 291, 294, 299, 301, 302, 304, 305, 309, 311, 313, 321, 322], "excluded_lines": [], "start_line": 267}, "get_documents_table": {"executed_lines": [328, 329, 330, 335, 337, 338, 389, 390], "summary": {"covered_lines": 8, "num_statements": 23, "percent_covered": 34.78260869565217, "percent_covered_display": "35", "missing_lines": 15, "excluded_lines": 0, "percent_statements_covered": 34.78260869565217, "percent_statements_covered_display": "35"}, "missing_lines": [340, 341, 342, 346, 347, 361, 362, 363, 365, 372, 373, 374, 383, 391, 392], "excluded_lines": [], "start_line": 326}, "delete_lakeflow_job": {"executed_lines": [398, 399, 402, 407, 409, 440, 441, 442], "summary": {"covered_lines": 8, "num_statements": 28, "percent_covered": 28.571428571428573, "percent_covered_display": "29", "missing_lines": 20, "excluded_lines": 0, "percent_statements_covered": 28.571428571428573, "percent_statements_covered_display": "29"}, "missing_lines": [410, 411, 413, 419, 420, 421, 422, 423, 426, 427, 428, 429, 430, 433, 434, 435, 436, 437, 443, 444], "excluded_lines": [], "start_line": 396}, "configure_sync": {"executed_lines": [470, 471, 474, 479, 481, 482, 554, 555], "summary": {"covered_lines": 8, "num_statements": 31, "percent_covered": 25.806451612903224, "percent_covered_display": "26", "missing_lines": 23, "excluded_lines": 0, "percent_statements_covered": 25.806451612903224, "percent_statements_covered_display": "26"}, "missing_lines": [484, 485, 486, 487, 489, 490, 496, 499, 508, 513, 516, 517, 518, 519, 520, 523, 532, 533, 536, 543, 545, 556, 557], "excluded_lines": [], "start_line": 460}, "run_sync_job": {"executed_lines": [566, 567, 570, 575, 577, 578, 609, 610], "summary": {"covered_lines": 8, "num_statements": 19, "percent_covered": 42.10526315789474, "percent_covered_display": "42", "missing_lines": 11, "excluded_lines": 0, "percent_statements_covered": 42.10526315789474, "percent_statements_covered_display": "42"}, "missing_lines": [580, 581, 583, 584, 589, 590, 596, 601, 603, 611, 612], "excluded_lines": [], "start_line": 561}, "disable_sync": {"executed_lines": [618, 619, 622, 627, 629], "summary": {"covered_lines": 5, "num_statements": 7, "percent_covered": 71.42857142857143, "percent_covered_display": "71", "missing_lines": 2, "excluded_lines": 0, "percent_statements_covered": 71.42857142857143, "percent_statements_covered_display": "71"}, "missing_lines": [634, 635], "excluded_lines": [], "start_line": 616}, "": {"executed_lines": [1, 2, 3, 4, 5, 6, 7, 8, 9, 10, 11, 12, 13, 14, 16, 19, 26, 27, 67, 68, 266, 267, 325, 326, 395, 396, 451, 453, 454, 455, 456, 459, 460, 560, 561, 615, 616], "summary": {"covered_lines": 37, "num_statements": 37, "percent_covered": 100.0, "percent_covered_display": "100", "missing_lines": 0, "excluded_lines": 0, "percent_statements_covered": 100.0, "percent_statements_covered_display": "100"}, "missing_lines": [], "excluded_lines": [], "start_line": 1}}, "classes": {"ConfigureSyncRequest": {"executed_lines": [], "summary": {"covered_lines": 0, "num_statements": 0, "percent_covered": 100.0, "percent_covered_display": "100", "missing_lines": 0, "excluded_lines": 0, "percent_statements_covered": 100.0, "percent_statements_covered_display": "100"}, "missing_lines": [], "excluded_lines": [], "start_line": 451}, "": {"executed_lines": [1, 2, 3, 4, 5, 6, 7, 8, 9, 10, 11, 12, 13, 14, 16, 19, 21, 22, 23, 26, 27, 29, 30, 31, 44, 46, 47, 48, 62, 67, 68, 71, 72, 266, 267, 269, 270, 271, 276, 278, 279, 319, 320, 325, 326, 328, 329, 330, 335, 337, 338, 389, 390, 395, 396, 398, 399, 402, 407, 409, 440, 441, 442, 451, 453, 454, 455, 456, 459, 460, 470, 471, 474, 479, 481, 482, 554, 555, 560, 561, 566, 567, 570, 575, 577, 578, 609, 610, 615, 616, 618, 619, 622, 627, 629], "summary": {"covered_lines": 95, "num_statements": 231, "percent_covered": 41.125541125541126, "percent_covered_display": "41", "missing_lines": 136, "excluded_lines": 0, "percent_statements_covered": 41.125541125541126, "percent_statements_covered_display": "41"}, "missing_lines": [63, 64, 77, 78, 79, 80, 83, 84, 85, 86, 89, 105, 108, 109, 110, 111, 114, 117, 123, 126, 141, 151, 152, 153, 157, 160, 161, 162, 163, 175, 182, 183, 187, 212, 215, 236, 239, 243, 244, 245, 246, 247, 248, 250, 259, 260, 261, 262, 263, 281, 282, 283, 285, 291, 294, 299, 301, 302, 304, 305, 309, 311, 313, 321, 322, 340, 341, 342, 346, 347, 361, 362, 363, 365, 372, 373, 374, 383, 391, 392, 410, 411, 413, 419, 420, 421, 422, 423, 426, 427, 428, 429, 430, 433, 434, 435, 436, 437, 443, 444, 484, 485, 486, 487, 489, 490, 496, 499, 508, 513, 516, 517, 518, 519, 520, 523, 532, 533, 536, 543, 545, 556, 557, 580, 581, 583, 584, 589, 590, 596, 601, 603, 611, 612, 634, 635], "excluded_lines": [], "start_line": 1}}}, "app/api/routes_runs.py": {"executed_lines": [2, 3, 4, 5, 6, 8, 11, 18, 19, 31, 32], "summary": {"covered_lines": 11, "num_statements": 31, "percent_covered": 35.483870967741936, "percent_covered_display": "35", "missing_lines": 20, "excluded_lines": 0, "percent_statements_covered": 35.483870967741936, "percent_statements_covered_display": "35"}, "missing_lines": [13, 14, 15, 21, 27, 28, 34, 36, 37, 42, 44, 45, 48, 49, 59, 60, 62, 63, 64, 65], "excluded_lines": [], "functions": {"_get_configs_table": {"executed_lines": [], "summary": {"covered_lines": 0, "num_statements": 3, "percent_covered": 0.0, "percent_covered_display": "0", "missing_lines": 3, "excluded_lines": 0, "percent_statements_covered": 0.0, "percent_statements_covered_display": "0"}, "missing_lines": [13, 14, 15], "excluded_lines": [], "start_line": 11}, "run_once": {"executed_lines": [], "summary": {"covered_lines": 0, "num_statements": 3, "percent_covered": 0.0, "percent_covered_display": "0", "missing_lines": 3, "excluded_lines": 0, "percent_statements_covered": 0.0, "percent_statements_covered_display": "0"}, "missing_lines": [21, 27, 28], "excluded_lines": [], "start_line": 19}, "run_by_config_id": {"executed_lines": [], "summary": {"covered_lines": 0, "num_statements": 14, "percent_covered": 0.0, "percent_covered_display": "0", "missing_lines": 14, "excluded_lines": 0, "percent_statements_covered": 0.0, "percent_statements_covered_display": "0"}, "missing_lines": [34, 36, 37, 42, 44, 45, 48, 49, 59, 60, 62, 63, 64, 65], "excluded_lines": [], "start_line": 32}, "": {"executed_lines": [2, 3, 4, 5, 6, 8, 11, 18, 19, 31, 32], "summary": {"covered_lines": 11, "num_statements": 11, "percent_covered": 100.0, "percent_covered_display": "100", "missing_lines": 0, "excluded_lines": 0, "percent_statements_covered": 100.0, "percent_statements_covered_display": "100"}, "missing_lines": [], "excluded_lines": [], "start_line": 1}}, "classes": {"": {"executed_lines": [2, 3, 4, 5, 6, 8, 11, 18, 19, 31, 32], "summary": {"covered_lines": 11, "num_statements": 31, "percent_covered": 35.483870967741936, "percent_covered_display": "35", "missing_lines": 20, "excluded_lines": 0, "percent_statements_covered": 35.483870967741936, "percent_statements_covered_display": "35"}, "missing_lines": [13, 14, 15, 21, 27, 28, 34, 36, 37, 42, 44, 45, 48, 49, 59, 60, 62, 63, 64, 65], "excluded_lines": [], "start_line": 1}}}, "app/api/routes_sharepoint.py": {"executed_lines": [6, 7, 8, 9, 10, 11, 13, 16, 18, 19, 20, 21, 22, 23, 24, 25, 28, 30, 36, 37, 43, 44, 47, 49, 50, 53, 54, 56, 57, 69, 71, 72, 82, 84, 93, 94, 150, 151, 157, 158, 161, 168, 169, 170, 171, 187, 188, 194, 195, 198, 215, 217, 218, 219, 225], "summary": {"covered_lines": 55, "num_statements": 85, "percent_covered": 64.70588235294117, "percent_covered_display": "65", "missing_lines": 30, "excluded_lines": 0, "percent_statements_covered": 64.70588235294117, "percent_statements_covered_display": "65"}, "missing_lines": [74, 75, 76, 77, 78, 80, 86, 87, 100, 101, 104, 112, 116, 123, 130, 132, 133, 134, 138, 139, 144, 163, 175, 176, 181, 201, 202, 209, 216, 220], "excluded_lines": [], "functions": {"_get_workspace_client": {"executed_lines": [30], "summary": {"covered_lines": 1, "num_statements": 1, "percent_covered": 100.0, "percent_covered_display": "100", "missing_lines": 0, "excluded_lines": 0, "percent_statements_covered": 100.0, "percent_statements_covered_display": "100"}, "missing_lines": [], "excluded_lines": [], "start_line": 28}, "list_sharepoint_connections": {"executed_lines": [43, 44, 47, 49, 50, 53, 54, 56, 57, 69, 71, 72, 82, 84], "summary": {"covered_lines": 14, "num_statements": 22, "percent_covered": 63.63636363636363, "percent_covered_display": "64", "missing_lines": 8, "excluded_lines": 0, "percent_statements_covered": 63.63636363636363, "percent_statements_covered_display": "64"}, "missing_lines": [74, 75, 76, 77, 78, 80, 86, 87], "excluded_lines": [], "start_line": 37}, "create_sharepoint_connection": {"executed_lines": [], "summary": {"covered_lines": 0, "num_statements": 13, "percent_covered": 0.0, "percent_covered_display": "0", "missing_lines": 13, "excluded_lines": 0, "percent_statements_covered": 0.0, "percent_statements_covered_display": "0"}, "missing_lines": [100, 101, 104, 112, 116, 123, 130, 132, 133, 134, 138, 139, 144], "excluded_lines": [], "start_line": 94}, "delete_sharepoint_connection": {"executed_lines": [157, 158, 161, 168, 169, 170, 171], "summary": {"covered_lines": 7, "num_statements": 11, "percent_covered": 63.63636363636363, "percent_covered_display": "64", "missing_lines": 4, "excluded_lines": 0, "percent_statements_covered": 63.63636363636363, "percent_statements_covered_display": "64"}, "missing_lines": [163, 175, 176, 181], "excluded_lines": [], "start_line": 151}, "test_sharepoint_connection": {"executed_lines": [194, 195, 198, 215, 217, 218, 219, 225], "summary": {"covered_lines": 8, "num_statements": 13, "percent_covered": 61.53846153846154, "percent_covered_display": "62", "missing_lines": 5, "excluded_lines": 0, "percent_statements_covered": 61.53846153846154, "percent_statements_covered_display": "62"}, "missing_lines": [201, 202, 209, 216, 220], "excluded_lines": [], "start_line": 188}, "": {"executed_lines": [6, 7, 8, 9, 10, 11, 13, 16, 18, 19, 20, 21, 22, 23, 24, 25, 28, 36, 37, 93, 94, 150, 151, 187, 188], "summary": {"covered_lines": 25, "num_statements": 25, "percent_covered": 100.0, "percent_covered_display": "100", "missing_lines": 0, "excluded_lines": 0, "percent_statements_covered": 100.0, "percent_statements_covered_display": "100"}, "missing_lines": [], "excluded_lines": [], "start_line": 1}}, "classes": {"SharePointConnectionCreate": {"executed_lines": [], "summary": {"covered_lines": 0, "num_statements": 0, "percent_covered": 100.0, "percent_covered_display": "100", "missing_lines": 0, "excluded_lines": 0, "percent_statements_covered": 100.0, "percent_statements_covered_display": "100"}, "missing_lines": [], "excluded_lines": [], "start_line": 16}, "": {"executed_lines": [6, 7, 8, 9, 10, 11, 13, 16, 18, 19, 20, 21, 22, 23, 24, 25, 28, 30, 36, 37, 43, 44, 47, 49, 50, 53, 54, 56, 57, 69, 71, 72, 82, 84, 93, 94, 150, 151, 157, 158, 161, 168, 169, 170, 171, 187, 188, 194, 195, 198, 215, 217, 218, 219, 225], "summary": {"covered_lines": 55, "num_statements": 85, "percent_covered": 64.70588235294117, "percent_covered_display": "65", "missing_lines": 30, "excluded_lines": 0, "percent_statements_covered": 64.70588235294117, "percent_statements_covered_display": "65"}, "missing_lines": [74, 75, 76, 77, 78, 80, 86, 87, 100, 101, 104, 112, 116, 123, 130, 132, 133, 134, 138, 139, 144, 163, 175, 176, 181, 201, 202, 209, 216, 220], "excluded_lines": [], "start_line": 1}}}, "app/core/mcp_client.py": {"executed_lines": [6, 7, 8, 9, 12, 32, 33, 36, 37, 38, 39, 40, 41, 43, 46, 48, 54, 63, 64, 65, 67, 72, 73, 75, 76, 77, 78, 83, 84, 90, 110, 111, 114, 115, 116, 117, 121, 122, 125, 127, 128, 129, 134, 136, 139, 140, 188, 194, 214, 215, 218, 219, 220, 221, 225, 230, 236, 237, 238, 239, 242, 245, 247, 248, 249, 250, 251, 252, 253, 254, 255, 256, 260, 261], "summary": {"covered_lines": 74, "num_statements": 108, "percent_covered": 68.51851851851852, "percent_covered_display": "69", "missing_lines": 34, "excluded_lines": 0, "percent_statements_covered": 68.51851851851852, "percent_statements_covered_display": "69"}, "missing_lines": [68, 86, 87, 118, 130, 131, 132, 133, 141, 148, 149, 150, 156, 159, 161, 162, 163, 165, 171, 172, 174, 175, 176, 178, 179, 180, 182, 184, 186, 190, 191, 222, 226, 258], "excluded_lines": [], "functions": {"call_mcp_tool": {"executed_lines": [32, 33, 36, 37, 38, 39, 40, 41, 43], "summary": {"covered_lines": 9, "num_statements": 9, "percent_covered": 100.0, "percent_covered_display": "100", "missing_lines": 0, "excluded_lines": 0, "percent_statements_covered": 100.0, "percent_statements_covered_display": "100"}, "missing_lines": [], "excluded_lines": [], "start_line": 12}, "_get_workspace_client": {"executed_lines": [48], "summary": {"covered_lines": 1, "num_statements": 1, "percent_covered": 100.0, "percent_covered_display": "100", "missing_lines": 0, "excluded_lines": 0, "percent_statements_covered": 100.0, "percent_statements_covered_display": "100"}, "missing_lines": [], "excluded_lines": [], "start_line": 46}, "_get_best_warehouse": {"executed_lines": [63, 64, 65, 67, 72, 73, 75, 83, 84], "summary": {"covered_lines": 9, "num_statements": 12, "percent_covered": 75.0, "percent_covered_display": "75", "missing_lines": 3, "excluded_lines": 0, "percent_statements_covered": 75.0, "percent_statements_covered_display": "75"}, "missing_lines": [68, 86, 87], "excluded_lines": [], "start_line": 54}, "_get_best_warehouse.warehouse_score": {"executed_lines": [76, 77, 78], "summary": {"covered_lines": 3, "num_statements": 3, "percent_covered": 100.0, "percent_covered_display": "100", "missing_lines": 0, "excluded_lines": 0, "percent_statements_covered": 100.0, "percent_statements_covered_display": "100"}, "missing_lines": [], "excluded_lines": [], "start_line": 75}, "_get_table_details": {"executed_lines": [110, 111, 114, 115, 116, 117, 121, 122, 125, 127, 128, 129, 134, 136, 139, 140, 188], "summary": {"covered_lines": 17, "num_statements": 45, "percent_covered": 37.77777777777778, "percent_covered_display": "38", "missing_lines": 28, "excluded_lines": 0, "percent_statements_covered": 37.77777777777778, "percent_statements_covered_display": "38"}, "missing_lines": [118, 130, 131, 132, 133, 141, 148, 149, 150, 156, 159, 161, 162, 163, 165, 171, 172, 174, 175, 176, 178, 179, 180, 182, 184, 186, 190, 191], "excluded_lines": [], "start_line": 90}, "_execute_sql": {"executed_lines": [214, 215, 218, 219, 220, 221, 225, 230, 236, 237, 238, 239, 242, 245, 247, 248, 249, 250, 251, 252, 253, 254, 255, 256, 260, 261], "summary": {"covered_lines": 26, "num_statements": 29, "percent_covered": 89.65517241379311, "percent_covered_display": "90", "missing_lines": 3, "excluded_lines": 0, "percent_statements_covered": 89.65517241379311, "percent_statements_covered_display": "90"}, "missing_lines": [222, 226, 258], "excluded_lines": [], "start_line": 194}, "": {"executed_lines": [6, 7, 8, 9, 12, 46, 54, 90, 194], "summary": {"covered_lines": 9, "num_statements": 9, "percent_covered": 100.0, "percent_covered_display": "100", "missing_lines": 0, "excluded_lines": 0, "percent_statements_covered": 100.0, "percent_statements_covered_display": "100"}, "missing_lines": [], "excluded_lines": [], "start_line": 1}}, "classes": {"": {"executed_lines": [6, 7, 8, 9, 12, 32, 33, 36, 37, 38, 39, 40, 41, 43, 46, 48, 54, 63, 64, 65, 67, 72, 73, 75, 76, 77, 78, 83, 84, 90, 110, 111, 114, 115, 116, 117, 121, 122, 125, 127, 128, 129, 134, 136, 139, 140, 188, 194, 214, 215, 218, 219, 220, 221, 225, 230, 236, 237, 238, 239, 242, 245, 247, 248, 249, 250, 251, 252, 253, 254, 255, 256, 260, 261], "summary": {"covered_lines": 74, "num_statements": 108, "percent_covered": 68.51851851851852, "percent_covered_display": "69", "missing_lines": 34, "excluded_lines": 0, "percent_statements_covered": 68.51851851851852, "percent_statements_covered_display": "69"}, "missing_lines": [68, 86, 87, 118, 130, 131, 132, 133, 141, 148, 149, 150, 156, 159, 161, 162, 163, 165, 171, 172, 174, 175, 176, 178, 179, 180, 182, 184, 186, 190, 191, 222, 226, 258], "excluded_lines": [], "start_line": 1}}}, "app/core/models.py": {"executed_lines": [2, 3, 6, 7, 8, 9, 10, 11, 12, 15, 16, 17, 18, 19, 22, 23, 24, 25, 26, 27, 28, 29, 30, 32, 33, 34, 35], "summary": {"covered_lines": 27, "num_statements": 27, "percent_covered": 100.0, "percent_covered_display": "100", "missing_lines": 0, "excluded_lines": 0, "percent_statements_covered": 100.0, "percent_statements_covered_display": "100"}, "missing_lines": [], "excluded_lines": [], "functions": {"": {"executed_lines": [2, 3, 6, 7, 8, 9, 10, 11, 12, 15, 16, 17, 18, 19, 22, 23, 24, 25, 26, 27, 28, 29, 30, 32, 33, 34, 35], "summary": {"covered_lines": 27, "num_statements": 27, "percent_covered": 100.0, "percent_covered_display": "100", "missing_lines": 0, "excluded_lines": 0, "percent_statements_covered": 100.0, "percent_statements_covered_display": "100"}, "missing_lines": [], "excluded_lines": [], "start_line": 1}}, "classes": {"SyncConfig": {"executed_lines": [], "summary": {"covered_lines": 0, "num_statements": 0, "percent_covered": 100.0, "percent_covered_display": "100", "missing_lines": 0, "excluded_lines": 0, "percent_statements_covered": 100.0, "percent_statements_covered_display": "100"}, "missing_lines": [], "excluded_lines": [], "start_line": 6}, "RunResult": {"executed_lines": [], "summary": {"covered_lines": 0, "num_statements": 0, "percent_covered": 100.0, "percent_covered_display": "100", "missing_lines": 0, "excluded_lines": 0, "percent_statements_covered": 100.0, "percent_statements_covered_display": "100"}, "missing_lines": [], "excluded_lines": [], "start_line": 15}, "LakeflowJobConfig": {"executed_lines": [], "summary": {"covered_lines": 0, "num_statements": 0, "percent_covered": 100.0, "percent_covered_display": "100", "missing_lines": 0, "excluded_lines": 0, "percent_statements_covered": 100.0, "percent_statements_covered_display": "100"}, "missing_lines": [], "excluded_lines": [], "start_line": 22}, "": {"executed_lines": [2, 3, 6, 7, 8, 9, 10, 11, 12, 15, 16, 17, 18, 19, 22, 23, 24, 25, 26, 27, 28, 29, 30, 32, 33, 34, 35], "summary": {"covered_lines": 27, "num_statements": 27, "percent_covered": 100.0, "percent_covered_display": "100", "missing_lines": 0, "excluded_lines": 0, "percent_statements_covered": 100.0, "percent_statements_covered_display": "100"}, "missing_lines": [], "excluded_lines": [], "start_line": 1}}}, "app/core/pipeline.py": {"executed_lines": [1, 2, 3, 4, 6], "summary": {"covered_lines": 5, "num_statements": 16, "percent_covered": 31.25, "percent_covered_display": "31", "missing_lines": 11, "excluded_lines": 0, "percent_statements_covered": 31.25, "percent_statements_covered_display": "31"}, "missing_lines": [8, 9, 10, 13, 14, 15, 18, 19, 20, 22, 24], "excluded_lines": [], "functions": {"run_sync": {"executed_lines": [], "summary": {"covered_lines": 0, "num_statements": 11, "percent_covered": 0.0, "percent_covered_display": "0", "missing_lines": 11, "excluded_lines": 0, "percent_statements_covered": 0.0, "percent_statements_covered_display": "0"}, "missing_lines": [8, 9, 10, 13, 14, 15, 18, 19, 20, 22, 24], "excluded_lines": [], "start_line": 6}, "": {"executed_lines": [1, 2, 3, 4, 6], "summary": {"covered_lines": 5, "num_statements": 5, "percent_covered": 100.0, "percent_covered_display": "100", "missing_lines": 0, "excluded_lines": 0, "percent_statements_covered": 100.0, "percent_statements_covered_display": "100"}, "missing_lines": [], "excluded_lines": [], "start_line": 1}}, "classes": {"": {"executed_lines": [1, 2, 3, 4, 6], "summary": {"covered_lines": 5, "num_statements": 16, "percent_covered": 31.25, "percent_covered_display": "31", "missing_lines": 11, "excluded_lines": 0, "percent_statements_covered": 31.25, "percent_statements_covered_display": "31"}, "missing_lines": [8, 9, 10, 13, 14, 15, 18, 19, 20, 22, 24], "excluded_lines": [], "start_line": 1}}}, "app/main.py": {"executed_lines": [2, 3, 4, 5, 6, 7, 8, 9, 10, 11, 12, 13, 14, 17, 20, 23, 24, 50, 51, 52, 53, 54, 55, 58, 59, 60, 63, 64, 66, 67], "summary": {"covered_lines": 30, "num_statements": 44, "percent_covered": 68.18181818181819, "percent_covered_display": "68", "missing_lines": 14, "excluded_lines": 0, "percent_statements_covered": 68.18181818181819, "percent_statements_covered_display": "68"}, "missing_lines": [29, 30, 33, 34, 35, 36, 39, 40, 41, 42, 44, 45, 46, 47], "excluded_lines": [], "functions": {"startup_event": {"executed_lines": [], "summary": {"covered_lines": 0, "num_statements": 14, "percent_covered": 0.0, "percent_covered_display": "0", "missing_lines": 14, "excluded_lines": 0, "percent_statements_covered": 0.0, "percent_statements_covered_display": "0"}, "missing_lines": [29, 30, 33, 34, 35, 36, 39, 40, 41, 42, 44, 45, 46, 47], "excluded_lines": [], "start_line": 24}, "health": {"executed_lines": [60], "summary": {"covered_lines": 1, "num_statements": 1, "percent_covered": 100.0, "percent_covered_display": "100", "missing_lines": 0, "excluded_lines": 0, "percent_statements_covered": 100.0, "percent_statements_covered_display": "100"}, "missing_lines": [], "excluded_lines": [], "start_line": 59}, "root": {"executed_lines": [66, 67], "summary": {"covered_lines": 2, "num_statements": 2, "percent_covered": 100.0, "percent_covered_display": "100", "missing_lines": 0, "excluded_lines": 0, "percent_statements_covered": 100.0, "percent_statements_covered_display": "100"}, "missing_lines": [], "excluded_lines": [], "start_line": 64}, "": {"executed_lines": [2, 3, 4, 5, 6, 7, 8, 9, 10, 11, 12, 13, 14, 17, 20, 23, 24, 50, 51, 52, 53, 54, 55, 58, 59, 63, 64], "summary": {"covered_lines": 27, "num_statements": 27, "percent_covered": 100.0, "percent_covered_display": "100", "missing_lines": 0, "excluded_lines": 0, "percent_statements_covered": 100.0, "percent_statements_covered_display": "100"}, "missing_lines": [], "excluded_lines": [], "start_line": 1}}, "classes": {"": {"executed_lines": [2, 3, 4, 5, 6, 7, 8, 9, 10, 11, 12, 13, 14, 17, 20, 23, 24, 50, 51, 52, 53, 54, 55, 58, 59, 60, 63, 64, 66, 67], "summary": {"covered_lines": 30, "num_statements": 44, "percent_covered": 68.18181818181819, "percent_covered_display": "68", "missing_lines": 14, "excluded_lines": 0, "percent_statements_covered": 68.18181818181819, "percent_statements_covered_display": "68"}, "missing_lines": [29, 30, 33, 34, 35, 36, 39, 40, 41, 42, 44, 45, 46, 47], "excluded_lines": [], "start_line": 1}}}, "app/services/data_quality.py": {"executed_lines": [2, 3, 4, 7], "summary": {"covered_lines": 4, "num_statements": 54, "percent_covered": 7.407407407407407, "percent_covered_display": "7", "missing_lines": 50, "excluded_lines": 0, "percent_statements_covered": 7.407407407407407, "percent_statements_covered_display": "7"}, "missing_lines": [14, 15, 17, 19, 21, 22, 23, 24, 25, 31, 34, 40, 43, 44, 50, 51, 53, 54, 64, 65, 66, 72, 75, 76, 77, 78, 79, 80, 85, 86, 88, 89, 95, 96, 97, 103, 106, 107, 108, 112, 113, 115, 121, 122, 123, 129, 131, 132, 133, 135], "excluded_lines": [], "functions": {"run_data_quality_checks": {"executed_lines": [], "summary": {"covered_lines": 0, "num_statements": 50, "percent_covered": 0.0, "percent_covered_display": "0", "missing_lines": 50, "excluded_lines": 0, "percent_statements_covered": 0.0, "percent_statements_covered_display": "0"}, "missing_lines": [14, 15, 17, 19, 21, 22, 23, 24, 25, 31, 34, 40, 43, 44, 50, 51, 53, 54, 64, 65, 66, 72, 75, 76, 77, 78, 79, 80, 85, 86, 88, 89, 95, 96, 97, 103, 106, 107, 108, 112, 113, 115, 121, 122, 123, 129, 131, 132, 133, 135], "excluded_lines": [], "start_line": 7}, "": {"executed_lines": [2, 3, 4, 7], "summary": {"covered_lines": 4, "num_statements": 4, "percent_covered": 100.0, "percent_covered_display": "100", "missing_lines": 0, "excluded_lines": 0, "percent_statements_covered": 100.0, "percent_statements_covered_display": "100"}, "missing_lines": [], "excluded_lines": [], "start_line": 1}}, "classes": {"": {"executed_lines": [2, 3, 4, 7], "summary": {"covered_lines": 4, "num_statements": 54, "percent_covered": 7.407407407407407, "percent_covered_display": "7", "missing_lines": 50, "excluded_lines": 0, "percent_statements_covered": 7.407407407407407, "percent_statements_covered_display": "7"}, "missing_lines": [14, 15, 17, 19, 21, 22, 23, 24, 25, 31, 34, 40, 43, 44, 50, 51, 53, 54, 64, 65, 66, 72, 75, 76, 77, 78, 79, 80, 85, 86, 88, 89, 95, 96, 97, 103, 106, 107, 108, 112, 113, 115, 121, 122, 123, 129, 131, 132, 133, 135], "excluded_lines": [], "start_line": 1}}}, "app/services/excel_parser.py": {"executed_lines": [2, 3, 4, 5, 6, 9], "summary": {"covered_lines": 6, "num_statements": 42, "percent_covered": 14.285714285714286, "percent_covered_display": "14", "missing_lines": 36, "excluded_lines": 0, "percent_statements_covered": 14.285714285714286, "percent_statements_covered_display": "14"}, "missing_lines": [14, 15, 17, 19, 27, 29, 30, 31, 37, 38, 40, 41, 47, 49, 50, 53, 56, 58, 59, 66, 67, 70, 72, 73, 74, 75, 76, 77, 78, 80, 82, 83, 86, 88, 96, 97], "excluded_lines": [], "functions": {"parse_excel_to_delta": {"executed_lines": [], "summary": {"covered_lines": 0, "num_statements": 36, "percent_covered": 0.0, "percent_covered_display": "0", "missing_lines": 36, "excluded_lines": 0, "percent_statements_covered": 0.0, "percent_statements_covered_display": "0"}, "missing_lines": [14, 15, 17, 19, 27, 29, 30, 31, 37, 38, 40, 41, 47, 49, 50, 53, 56, 58, 59, 66, 67, 70, 72, 73, 74, 75, 76, 77, 78, 80, 82, 83, 86, 88, 96, 97], "excluded_lines": [], "start_line": 9}, "": {"executed_lines": [2, 3, 4, 5, 6, 9], "summary": {"covered_lines": 6, "num_statements": 6, "percent_covered": 100.0, "percent_covered_display": "100", "missing_lines": 0, "excluded_lines": 0, "percent_statements_covered": 100.0, "percent_statements_covered_display": "100"}, "missing_lines": [], "excluded_lines": [], "start_line": 1}}, "classes": {"": {"executed_lines": [2, 3, 4, 5, 6, 9], "summary": {"covered_lines": 6, "num_statements": 42, "percent_covered": 14.285714285714286, "percent_covered_display": "14", "missing_lines": 36, "excluded_lines": 0, "percent_statements_covered": 14.285714285714286, "percent_statements_covered_display": "14"}, "missing_lines": [14, 15, 17, 19, 27, 29, 30, 31, 37, 38, 40, 41, 47, 49, 50, 53, 56, 58, 59, 66, 67, 70, 72, 73, 74, 75, 76, 77, 78, 80, 82, 83, 86, 88, 96, 97], "excluded_lines": [], "start_line": 1}}}, "app/services/excel_sync_notebook.py": {"executed_lines": [7, 8, 11, 14, 16, 17, 18, 19, 21, 43, 44, 45, 51, 52, 54, 264, 266, 268, 272], "summary": {"covered_lines": 19, "num_statements": 19, "percent_covered": 100.0, "percent_covered_display": "100", "missing_lines": 0, "excluded_lines": 0, "percent_statements_covered": 100.0, "percent_statements_covered_display": "100"}, "missing_lines": [], "excluded_lines": [], "functions": {"_ExcelSyncNotebookService.__new__": {"executed_lines": [17, 18, 19], "summary": {"covered_lines": 3, "num_statements": 3, "percent_covered": 100.0, "percent_covered_display": "100", "missing_lines": 0, "excluded_lines": 0, "percent_statements_covered": 100.0, "percent_statements_covered_display": "100"}, "missing_lines": [], "excluded_lines": [], "start_line": 16}, "_ExcelSyncNotebookService.generate_sync_notebook": {"executed_lines": [43, 44, 45, 51, 52, 54, 264], "summary": {"covered_lines": 7, "num_statements": 7, "percent_covered": 100.0, "percent_covered_display": "100", "missing_lines": 0, "excluded_lines": 0, "percent_statements_covered": 100.0, "percent_statements_covered_display": "100"}, "missing_lines": [], "excluded_lines": [], "start_line": 21}, "_ExcelSyncNotebookService.get_notebook_path": {"executed_lines": [268], "summary": {"covered_lines": 1, "num_statements": 1, "percent_covered": 100.0, "percent_covered_display": "100", "missing_lines": 0, "excluded_lines": 0, "percent_statements_covered": 100.0, "percent_statements_covered_display": "100"}, "missing_lines": [], "excluded_lines": [], "start_line": 266}, "": {"executed_lines": [7, 8, 11, 14, 16, 21, 266, 272], "summary": {"covered_lines": 8, "num_statements": 8, "percent_covered": 100.0, "percent_covered_display": "100", "missing_lines": 0, "excluded_lines": 0, "percent_statements_covered": 100.0, "percent_statements_covered_display": "100"}, "missing_lines": [], "excluded_lines": [], "start_line": 1}}, "classes": {"_ExcelSyncNotebookService": {"executed_lines": [17, 18, 19, 43, 44, 45, 51, 52, 54, 264, 268], "summary": {"covered_lines": 11, "num_statements": 11, "percent_covered": 100.0, "percent_covered_display": "100", "missing_lines": 0, "excluded_lines": 0, "percent_statements_covered": 100.0, "percent_statements_covered_display": "100"}, "missing_lines": [], "excluded_lines": [], "start_line": 11}, "": {"executed_lines": [7, 8, 11, 14, 16, 21, 266, 272], "summary": {"covered_lines": 8, "num_statements": 8, "percent_covered": 100.0, "percent_covered_display": "100", "missing_lines": 0, "excluded_lines": 0, "percent_statements_covered": 100.0, "percent_statements_covered_display": "100"}, "missing_lines": [], "excluded_lines": [], "start_line": 1}}}, "app/services/lakebase.py": {"executed_lines": [2, 3, 4, 5, 6, 7, 8, 11, 14, 15, 16, 17, 19, 20, 21, 22, 24, 31, 34, 38, 39, 41, 44, 45, 65, 68, 72, 74, 77, 82, 84, 94, 104], "summary": {"covered_lines": 33, "num_statements": 56, "percent_covered": 58.92857142857143, "percent_covered_display": "59", "missing_lines": 23, "excluded_lines": 0, "percent_statements_covered": 58.92857142857143, "percent_statements_covered_display": "59"}, "missing_lines": [26, 27, 28, 29, 46, 47, 48, 49, 51, 54, 56, 63, 69, 75, 78, 79, 80, 81, 96, 97, 98, 99, 100], "excluded_lines": [], "functions": {"_Lakebase.__new__": {"executed_lines": [20, 21, 22], "summary": {"covered_lines": 3, "num_statements": 3, "percent_covered": 100.0, "percent_covered_display": "100", "missing_lines": 0, "excluded_lines": 0, "percent_statements_covered": 100.0, "percent_statements_covered_display": "100"}, "missing_lines": [], "excluded_lines": [], "start_line": 19}, "_Lakebase._should_refresh_connection": {"executed_lines": [], "summary": {"covered_lines": 0, "num_statements": 4, "percent_covered": 0.0, "percent_covered_display": "0", "missing_lines": 4, "excluded_lines": 0, "percent_statements_covered": 0.0, "percent_statements_covered_display": "0"}, "missing_lines": [26, 27, 28, 29], "excluded_lines": [], "start_line": 24}, "_Lakebase._create_connection": {"executed_lines": [34, 38, 39, 41, 44, 45], "summary": {"covered_lines": 6, "num_statements": 14, "percent_covered": 42.857142857142854, "percent_covered_display": "43", "missing_lines": 8, "excluded_lines": 0, "percent_statements_covered": 42.857142857142854, "percent_statements_covered_display": "43"}, "missing_lines": [46, 47, 48, 49, 51, 54, 56, 63], "excluded_lines": [], "start_line": 31}, "_Lakebase._ensure_connection": {"executed_lines": [68, 72, 74, 77, 82], "summary": {"covered_lines": 5, "num_statements": 11, "percent_covered": 45.45454545454545, "percent_covered_display": "45", "missing_lines": 6, "excluded_lines": 0, "percent_statements_covered": 45.45454545454545, "percent_statements_covered_display": "45"}, "missing_lines": [69, 75, 78, 79, 80, 81], "excluded_lines": [], "start_line": 65}, "_Lakebase.query": {"executed_lines": [94], "summary": {"covered_lines": 1, "num_statements": 6, "percent_covered": 16.666666666666668, "percent_covered_display": "17", "missing_lines": 5, "excluded_lines": 0, "percent_statements_covered": 16.666666666666668, "percent_statements_covered_display": "17"}, "missing_lines": [96, 97, 98, 99, 100], "excluded_lines": [], "start_line": 84}, "": {"executed_lines": [2, 3, 4, 5, 6, 7, 8, 11, 14, 15, 16, 17, 19, 24, 31, 65, 84, 104], "summary": {"covered_lines": 18, "num_statements": 18, "percent_covered": 100.0, "percent_covered_display": "100", "missing_lines": 0, "excluded_lines": 0, "percent_statements_covered": 100.0, "percent_statements_covered_display": "100"}, "missing_lines": [], "excluded_lines": [], "start_line": 1}}, "classes": {"_Lakebase": {"executed_lines": [20, 21, 22, 34, 38, 39, 41, 44, 45, 68, 72, 74, 77, 82, 94], "summary": {"covered_lines": 15, "num_statements": 38, "percent_covered": 39.473684210526315, "percent_covered_display": "39", "missing_lines": 23, "excluded_lines": 0, "percent_statements_covered": 39.473684210526315, "percent_statements_covered_display": "39"}, "missing_lines": [26, 27, 28, 29, 46, 47, 48, 49, 51, 54, 56, 63, 69, 75, 78, 79, 80, 81, 96, 97, 98, 99, 100], "excluded_lines": [], "start_line": 11}, "": {"executed_lines": [2, 3, 4, 5, 6, 7, 8, 11, 14, 15, 16, 17, 19, 24, 31, 65, 84, 104], "summary": {"covered_lines": 18, "num_statements": 18, "percent_covered": 100.0, "percent_covered_display": "100", "missing_lines": 0, "excluded_lines": 0, "percent_statements_covered": 100.0, "percent_statements_covered_display": "100"}, "missing_lines": [], "excluded_lines": [], "start_line": 1}}}, "app/services/schema_manager.py": {"executed_lines": [7, 8, 9, 10, 11, 12, 13, 16, 19, 20, 22, 23, 24, 25, 27, 29, 30, 31, 33, 43, 46, 47, 48, 49, 53, 62, 63, 67, 68, 69, 70, 74, 85, 86, 89, 135, 143, 145, 153, 157], "summary": {"covered_lines": 40, "num_statements": 78, "percent_covered": 51.282051282051285, "percent_covered_display": "51", "missing_lines": 38, "excluded_lines": 0, "percent_statements_covered": 51.282051282051285, "percent_statements_covered_display": "51"}, "missing_lines": [50, 51, 54, 55, 56, 57, 58, 59, 60, 64, 71, 72, 75, 76, 79, 80, 81, 82, 83, 87, 102, 103, 105, 107, 108, 109, 110, 111, 112, 115, 116, 117, 127, 128, 129, 130, 131, 133], "excluded_lines": [], "functions": {"_SchemaManagerService.__new__": {"executed_lines": [23, 24, 25], "summary": {"covered_lines": 3, "num_statements": 3, "percent_covered": 100.0, "percent_covered_display": "100", "missing_lines": 0, "excluded_lines": 0, "percent_statements_covered": 100.0, "percent_statements_covered_display": "100"}, "missing_lines": [], "excluded_lines": [], "start_line": 22}, "_SchemaManagerService._get_workspace_client": {"executed_lines": [29, 30, 31], "summary": {"covered_lines": 3, "num_statements": 3, "percent_covered": 100.0, "percent_covered_display": "100", "missing_lines": 0, "excluded_lines": 0, "percent_statements_covered": 100.0, "percent_statements_covered_display": "100"}, "missing_lines": [], "excluded_lines": [], "start_line": 27}, "_SchemaManagerService._ensure_catalog_and_schema_exist": {"executed_lines": [43, 46, 53, 62, 63, 67, 74, 85, 86], "summary": {"covered_lines": 9, "num_statements": 11, "percent_covered": 81.81818181818181, "percent_covered_display": "82", "missing_lines": 2, "excluded_lines": 0, "percent_statements_covered": 81.81818181818181, "percent_statements_covered_display": "82"}, "missing_lines": [64, 87], "excluded_lines": [], "start_line": 33}, "_SchemaManagerService._ensure_catalog_and_schema_exist.check_catalog": {"executed_lines": [47, 48, 49], "summary": {"covered_lines": 3, "num_statements": 5, "percent_covered": 60.0, "percent_covered_display": "60", "missing_lines": 2, "excluded_lines": 0, "percent_statements_covered": 60.0, "percent_statements_covered_display": "60"}, "missing_lines": [50, 51], "excluded_lines": [], "start_line": 46}, "_SchemaManagerService._ensure_catalog_and_schema_exist.create_catalog": {"executed_lines": [], "summary": {"covered_lines": 0, "num_statements": 7, "percent_covered": 0.0, "percent_covered_display": "0", "missing_lines": 7, "excluded_lines": 0, "percent_statements_covered": 0.0, "percent_statements_covered_display": "0"}, "missing_lines": [54, 55, 56, 57, 58, 59, 60], "excluded_lines": [], "start_line": 53}, "_SchemaManagerService._ensure_catalog_and_schema_exist.check_schema": {"executed_lines": [68, 69, 70], "summary": {"covered_lines": 3, "num_statements": 5, "percent_covered": 60.0, "percent_covered_display": "60", "missing_lines": 2, "excluded_lines": 0, "percent_statements_covered": 60.0, "percent_statements_covered_display": "60"}, "missing_lines": [71, 72], "excluded_lines": [], "start_line": 67}, "_SchemaManagerService._ensure_catalog_and_schema_exist.create_schema": {"executed_lines": [], "summary": {"covered_lines": 0, "num_statements": 7, "percent_covered": 0.0, "percent_covered_display": "0", "missing_lines": 7, "excluded_lines": 0, "percent_statements_covered": 0.0, "percent_statements_covered_display": "0"}, "missing_lines": [75, 76, 79, 80, 81, 82, 83], "excluded_lines": [], "start_line": 74}, "_SchemaManagerService._ensure_table_exists": {"executed_lines": [], "summary": {"covered_lines": 0, "num_statements": 4, "percent_covered": 0.0, "percent_covered_display": "0", "missing_lines": 4, "excluded_lines": 0, "percent_statements_covered": 0.0, "percent_statements_covered_display": "0"}, "missing_lines": [102, 103, 105, 133], "excluded_lines": [], "start_line": 89}, "_SchemaManagerService._ensure_table_exists.check_and_create_table": {"executed_lines": [], "summary": {"covered_lines": 0, "num_statements": 14, "percent_covered": 0.0, "percent_covered_display": "0", "missing_lines": 14, "excluded_lines": 0, "percent_statements_covered": 0.0, "percent_statements_covered_display": "0"}, "missing_lines": [107, 108, 109, 110, 111, 112, 115, 116, 117, 127, 128, 129, 130, 131], "excluded_lines": [], "start_line": 105}, "_SchemaManagerService.initialize_sharepoint_tables": {"executed_lines": [143], "summary": {"covered_lines": 1, "num_statements": 1, "percent_covered": 100.0, "percent_covered_display": "100", "missing_lines": 0, "excluded_lines": 0, "percent_statements_covered": 100.0, "percent_statements_covered_display": "100"}, "missing_lines": [], "excluded_lines": [], "start_line": 135}, "_SchemaManagerService.initialize_lakebase_tables": {"executed_lines": [153], "summary": {"covered_lines": 1, "num_statements": 1, "percent_covered": 100.0, "percent_covered_display": "100", "missing_lines": 0, "excluded_lines": 0, "percent_statements_covered": 100.0, "percent_statements_covered_display": "100"}, "missing_lines": [], "excluded_lines": [], "start_line": 145}, "": {"executed_lines": [7, 8, 9, 10, 11, 12, 13, 16, 19, 20, 22, 27, 33, 89, 135, 145, 157], "summary": {"covered_lines": 17, "num_statements": 17, "percent_covered": 100.0, "percent_covered_display": "100", "missing_lines": 0, "excluded_lines": 0, "percent_statements_covered": 100.0, "percent_statements_covered_display": "100"}, "missing_lines": [], "excluded_lines": [], "start_line": 1}}, "classes": {"_SchemaManagerService": {"executed_lines": [23, 24, 25, 29, 30, 31, 43, 46, 47, 48, 49, 53, 62, 63, 67, 68, 69, 70, 74, 85, 86, 143, 153], "summary": {"covered_lines": 23, "num_statements": 61, "percent_covered": 37.704918032786885, "percent_covered_display": "38", "missing_lines": 38, "excluded_lines": 0, "percent_statements_covered": 37.704918032786885, "percent_statements_covered_display": "38"}, "missing_lines": [50, 51, 54, 55, 56, 57, 58, 59, 60, 64, 71, 72, 75, 76, 79, 80, 81, 82, 83, 87, 102, 103, 105, 107, 108, 109, 110, 111, 112, 115, 116, 117, 127, 128, 129, 130, 131, 133], "excluded_lines": [], "start_line": 16}, "": {"executed_lines": [7, 8, 9, 10, 11, 12, 13, 16, 19, 20, 22, 27, 33, 89, 135, 145, 157], "summary": {"covered_lines": 17, "num_statements": 17, "percent_covered": 100.0, "percent_covered_display": "100", "missing_lines": 0, "excluded_lines": 0, "percent_statements_covered": 100.0, "percent_statements_covered_display": "100"}, "missing_lines": [], "excluded_lines": [], "start_line": 1}}}, "app/services/unity_catalog.py": {"executed_lines": [15, 16, 17, 20, 31, 33, 34, 35, 36, 38, 85, 86, 88, 94, 96, 109, 111, 112, 116], "summary": {"covered_lines": 19, "num_statements": 20, "percent_covered": 95.0, "percent_covered_display": "95", "missing_lines": 1, "excluded_lines": 0, "percent_statements_covered": 95.0, "percent_statements_covered_display": "95"}, "missing_lines": [89], "excluded_lines": [], "functions": {"_UnityCatalog.__new__": {"executed_lines": [34, 35, 36], "summary": {"covered_lines": 3, "num_statements": 3, "percent_covered": 100.0, "percent_covered_display": "100", "missing_lines": 0, "excluded_lines": 0, "percent_statements_covered": 100.0, "percent_statements_covered_display": "100"}, "missing_lines": [], "excluded_lines": [], "start_line": 33}, "_UnityCatalog.query": {"executed_lines": [85, 86, 88, 94, 96, 109, 111, 112], "summary": {"covered_lines": 8, "num_statements": 9, "percent_covered": 88.88888888888889, "percent_covered_display": "89", "missing_lines": 1, "excluded_lines": 0, "percent_statements_covered": 88.88888888888889, "percent_statements_covered_display": "89"}, "missing_lines": [89], "excluded_lines": [], "start_line": 38}, "": {"executed_lines": [15, 16, 17, 20, 31, 33, 38, 116], "summary": {"covered_lines": 8, "num_statements": 8, "percent_covered": 100.0, "percent_covered_display": "100", "missing_lines": 0, "excluded_lines": 0, "percent_statements_covered": 100.0, "percent_statements_covered_display": "100"}, "missing_lines": [], "excluded_lines": [], "start_line": 1}}, "classes": {"_UnityCatalog": {"executed_lines": [34, 35, 36, 85, 86, 88, 94, 96, 109, 111, 112], "summary": {"covered_lines": 11, "num_statements": 12, "percent_covered": 91.66666666666667, "percent_covered_display": "92", "missing_lines": 1, "excluded_lines": 0, "percent_statements_covered": 91.66666666666667, "percent_statements_covered_display": "92"}, "missing_lines": [89], "excluded_lines": [], "start_line": 20}, "": {"executed_lines": [15, 16, 17, 20, 31, 33, 38, 116], "summary": {"covered_lines": 8, "num_statements": 8, "percent_covered": 100.0, "percent_covered_display": "100", "missing_lines": 0, "excluded_lines": 0, "percent_statements_covered": 100.0, "percent_statements_covered_display": "100"}, "missing_lines": [], "excluded_lines": [], "start_line": 1}}}, "app/services/update_checker.py": {"executed_lines": [2, 3, 4, 7], "summary": {"covered_lines": 4, "num_statements": 27, "percent_covered": 14.814814814814815, "percent_covered_display": "15", "missing_lines": 23, "excluded_lines": 0, "percent_statements_covered": 14.814814814814815, "percent_statements_covered_display": "15"}, "missing_lines": [12, 13, 15, 24, 25, 31, 33, 34, 42, 44, 45, 46, 54, 57, 58, 64, 65, 66, 68, 76, 78, 82, 96], "excluded_lines": [], "functions": {"should_process_file": {"executed_lines": [], "summary": {"covered_lines": 0, "num_statements": 23, "percent_covered": 0.0, "percent_covered_display": "0", "missing_lines": 23, "excluded_lines": 0, "percent_statements_covered": 0.0, "percent_statements_covered_display": "0"}, "missing_lines": [12, 13, 15, 24, 25, 31, 33, 34, 42, 44, 45, 46, 54, 57, 58, 64, 65, 66, 68, 76, 78, 82, 96], "excluded_lines": [], "start_line": 7}, "": {"executed_lines": [2, 3, 4, 7], "summary": {"covered_lines": 4, "num_statements": 4, "percent_covered": 100.0, "percent_covered_display": "100", "missing_lines": 0, "excluded_lines": 0, "percent_statements_covered": 100.0, "percent_statements_covered_display": "100"}, "missing_lines": [], "excluded_lines": [], "start_line": 1}}, "classes": {"": {"executed_lines": [2, 3, 4, 7], "summary": {"covered_lines": 4, "num_statements": 27, "percent_covered": 14.814814814814815, "percent_covered_display": "15", "missing_lines": 23, "excluded_lines": 0, "percent_statements_covered": 14.814814814814815, "percent_statements_covered_display": "15"}, "missing_lines": [12, 13, 15, 24, 25, 31, 33, 34, 42, 44, 45, 46, 54, 57, 58, 64, 65, 66, 68, 76, 78, 82, 96], "excluded_lines": [], "start_line": 1}}}, "app/services/warehouse_manager.py": {"executed_lines": [7, 8, 9, 12, 15, 16, 17, 19, 20, 21, 22, 24, 39, 40, 41, 42, 45, 46, 48, 49, 50, 52, 57, 62, 64, 66, 67, 71], "summary": {"covered_lines": 28, "num_statements": 31, "percent_covered": 90.3225806451613, "percent_covered_display": "90", "missing_lines": 3, "excluded_lines": 0, "percent_statements_covered": 90.3225806451613, "percent_statements_covered_display": "90"}, "missing_lines": [58, 59, 60], "excluded_lines": [], "functions": {"_WarehouseManager.__new__": {"executed_lines": [20, 21, 22], "summary": {"covered_lines": 3, "num_statements": 3, "percent_covered": 100.0, "percent_covered_display": "100", "missing_lines": 0, "excluded_lines": 0, "percent_statements_covered": 100.0, "percent_statements_covered_display": "100"}, "missing_lines": [], "excluded_lines": [], "start_line": 19}, "_WarehouseManager.get_warehouse_id": {"executed_lines": [39, 40, 41, 42, 45, 46, 48, 49, 50, 52, 57, 62], "summary": {"covered_lines": 12, "num_statements": 15, "percent_covered": 80.0, "percent_covered_display": "80", "missing_lines": 3, "excluded_lines": 0, "percent_statements_covered": 80.0, "percent_statements_covered_display": "80"}, "missing_lines": [58, 59, 60], "excluded_lines": [], "start_line": 24}, "_WarehouseManager.clear_cache": {"executed_lines": [66, 67], "summary": {"covered_lines": 2, "num_statements": 2, "percent_covered": 100.0, "percent_covered_display": "100", "missing_lines": 0, "excluded_lines": 0, "percent_statements_covered": 100.0, "percent_statements_covered_display": "100"}, "missing_lines": [], "excluded_lines": [], "start_line": 64}, "": {"executed_lines": [7, 8, 9, 12, 15, 16, 17, 19, 24, 64, 71], "summary": {"covered_lines": 11, "num_statements": 11, "percent_covered": 100.0, "percent_covered_display": "100", "missing_lines": 0, "excluded_lines": 0, "percent_statements_covered": 100.0, "percent_statements_covered_display": "100"}, "missing_lines": [], "excluded_lines": [], "start_line": 1}}, "classes": {"_WarehouseManager": {"executed_lines": [20, 21, 22, 39, 40, 41, 42, 45, 46, 48, 49, 50, 52, 57, 62, 66, 67], "summary": {"covered_lines": 17, "num_statements": 20, "percent_covered": 85.0, "percent_covered_display": "85", "missing_lines": 3, "excluded_lines": 0, "percent_statements_covered": 85.0, "percent_statements_covered_display": "85"}, "missing_lines": [58, 59, 60], "excluded_lines": [], "start_line": 12}, "": {"executed_lines": [7, 8, 9, 12, 15, 16, 17, 19, 24, 64, 71], "summary": {"covered_lines": 11, "num_statements": 11, "percent_covered": 100.0, "percent_covered_display": "100", "missing_lines": 0, "excluded_lines": 0, "percent_statements_covered": 100.0, "percent_statements_covered_display": "100"}, "missing_lines": [], "excluded_lines": [], "start_line": 1}}}}, "totals": {"covered_lines": 563, "num_statements": 1173, "percent_covered": 47.99658994032396, "percent_covered_display": "48", "missing_lines": 610, "excluded_lines": 0, "percent_statements_covered": 47.99658994032396, "percent_statements_covered_display": "48"}}